<?xml version="1.0" encoding="UTF-8"?>
<!-- Generated by org.testng.reporters.JUnitXMLReporter -->
<testsuite ignored="0" hostname="DESKTOP-DD3VO63" failures="1" tests="3" name="Smoke customers tests" time="11.968" errors="0" timestamp="2023-01-29T14:47:05 EET">
  <testcase classname="tests.InitialTest" name="manShoesTest" time="1.787">
    <skipped/>
  </testcase> <!-- manShoesTest -->
  <testcase classname="tests.InitialTest" name="manShoesTest" time="1.45">
    <skipped/>
  </testcase> <!-- manShoesTest -->
  <testcase classname="tests.InitialTest" name="manShoesTest" time="1.346">
    <failure type="org.junit.ComparisonFailure" message="expected:&amp;lt;....ua/store/man/vzutta[;;;;;;;;;;;;]&amp;quot;&amp;gt; but was:&amp;lt;....ua/store/man/vzutta[]&amp;quot;&amp;gt;">
      <![CDATA[org.junit.ComparisonFailure: expected:<....ua/store/man/vzutta[;;;;;;;;;;;;]"> but was:<....ua/store/man/vzutta[]">
at tests.InitialTest.manShoesTest(InitialTest.java:17)
at java.base/java.util.ArrayList.forEach(ArrayList.java:1541)
... Removed 34 stack frames]]>
    </failure>
  </testcase> <!-- manShoesTest -->
</testsuite> <!-- Smoke customers tests -->
