<?xml version="1.0" encoding="UTF-8"?>
<testng-results retried="2" ignored="0" total="3" passed="0" failed="1" skipped="0">
  <reporter-output>
  </reporter-output>
  <suite started-at="2023-01-29T14:46:53 EET" name="UI smoke tests" finished-at="2023-01-29T14:47:05 EET" duration-ms="11968">
    <groups>
    </groups>
    <test started-at="2023-01-29T14:46:53 EET" name="Smoke customers tests" finished-at="2023-01-29T14:47:05 EET" duration-ms="11968">
      <class name="tests.InitialTest">
        <test-method is-config="true" signature="openBrowser()[pri:0, instance:tests.InitialTest@317e9c3c]" started-at="2023-01-29T14:46:53 EET" name="openBrowser" finished-at="2023-01-29T14:46:58 EET" duration-ms="4286" status="PASS">
          <reporter-output>
          </reporter-output>
        </test-method> <!-- openBrowser -->
        <test-method retried="true" signature="manShoesTest()[pri:0, instance:tests.InitialTest@317e9c3c]" started-at="2023-01-29T14:46:58 EET" name="manShoesTest" finished-at="2023-01-29T14:47:00 EET" duration-ms="1787" status="SKIP">
          <exception class="org.junit.ComparisonFailure">
            <message>
              <![CDATA[expected:<....ua/store/man/vzutta[;;;;;;;;;;;;]"> but was:<....ua/store/man/vzutta[]">]]>
            </message>
            <full-stacktrace>
              <![CDATA[org.junit.ComparisonFailure: expected:<....ua/store/man/vzutta[;;;;;;;;;;;;]"> but was:<....ua/store/man/vzutta[]">
at java.base/jdk.internal.reflect.NativeConstructorAccessorImpl.newInstance0(Native Method)
at java.base/jdk.internal.reflect.NativeConstructorAccessorImpl.newInstance(NativeConstructorAccessorImpl.java:62)
at java.base/jdk.internal.reflect.DelegatingConstructorAccessorImpl.newInstance(DelegatingConstructorAccessorImpl.java:45)
at tests.InitialTest.manShoesTest(InitialTest.java:17)
at java.base/jdk.internal.reflect.NativeMethodAccessorImpl.invoke0(Native Method)
at java.base/jdk.internal.reflect.NativeMethodAccessorImpl.invoke(NativeMethodAccessorImpl.java:62)
at java.base/jdk.internal.reflect.DelegatingMethodAccessorImpl.invoke(DelegatingMethodAccessorImpl.java:43)
at java.base/java.lang.reflect.Method.invoke(Method.java:566)
at org.testng.internal.invokers.MethodInvocationHelper.invokeMethod(MethodInvocationHelper.java:139)
at org.testng.internal.invokers.TestInvoker.invokeMethod(TestInvoker.java:677)
at org.testng.internal.invokers.TestInvoker.invokeTestMethod(TestInvoker.java:221)
at org.testng.internal.invokers.MethodRunner.runInSequence(MethodRunner.java:50)
at org.testng.internal.invokers.TestInvoker$MethodInvocationAgent.invoke(TestInvoker.java:962)
at org.testng.internal.invokers.TestInvoker.invokeTestMethods(TestInvoker.java:194)
at org.testng.internal.invokers.TestMethodWorker.invokeTestMethods(TestMethodWorker.java:148)
at org.testng.internal.invokers.TestMethodWorker.run(TestMethodWorker.java:128)
at java.base/java.util.ArrayList.forEach(ArrayList.java:1541)
at org.testng.TestRunner.privateRun(TestRunner.java:806)
at org.testng.TestRunner.run(TestRunner.java:601)
at org.testng.SuiteRunner.runTest(SuiteRunner.java:433)
at org.testng.SuiteRunner.runSequentially(SuiteRunner.java:427)
at org.testng.SuiteRunner.privateRun(SuiteRunner.java:387)
at org.testng.SuiteRunner.run(SuiteRunner.java:330)
at org.testng.SuiteRunnerWorker.runSuite(SuiteRunnerWorker.java:52)
at org.testng.SuiteRunnerWorker.run(SuiteRunnerWorker.java:95)
at org.testng.TestNG.runSuitesSequentially(TestNG.java:1256)
at org.testng.TestNG.runSuitesLocally(TestNG.java:1176)
at org.testng.TestNG.runSuites(TestNG.java:1099)
at org.testng.TestNG.run(TestNG.java:1067)
at org.apache.maven.surefire.testng.TestNGExecutor.run(TestNGExecutor.java:324)
at org.apache.maven.surefire.testng.TestNGXmlTestSuite.execute(TestNGXmlTestSuite.java:74)
at org.apache.maven.surefire.testng.TestNGProvider.invoke(TestNGProvider.java:123)
at org.apache.maven.surefire.booter.ForkedBooter.runSuitesInProcess(ForkedBooter.java:456)
at org.apache.maven.surefire.booter.ForkedBooter.execute(ForkedBooter.java:169)
at org.apache.maven.surefire.booter.ForkedBooter.run(ForkedBooter.java:595)
at org.apache.maven.surefire.booter.ForkedBooter.main(ForkedBooter.java:581)
]]>
            </full-stacktrace>
          </exception> <!-- org.junit.ComparisonFailure -->
          <reporter-output>
          </reporter-output>
        </test-method> <!-- manShoesTest -->
        <test-method is-config="true" signature="closeBrowser()[pri:0, instance:tests.InitialTest@317e9c3c]" started-at="2023-01-29T14:47:00 EET" name="closeBrowser" finished-at="2023-01-29T14:47:00 EET" duration-ms="136" status="PASS">
          <reporter-output>
          </reporter-output>
        </test-method> <!-- closeBrowser -->
        <test-method is-config="true" signature="openBrowser()[pri:0, instance:tests.InitialTest@317e9c3c]" started-at="2023-01-29T14:47:00 EET" name="openBrowser" finished-at="2023-01-29T14:47:01 EET" duration-ms="812" status="PASS">
          <reporter-output>
          </reporter-output>
        </test-method> <!-- openBrowser -->
        <test-method retried="true" signature="manShoesTest()[pri:0, instance:tests.InitialTest@317e9c3c]" started-at="2023-01-29T14:47:01 EET" name="manShoesTest" finished-at="2023-01-29T14:47:02 EET" duration-ms="1450" status="SKIP">
          <exception class="org.junit.ComparisonFailure">
            <message>
              <![CDATA[expected:<....ua/store/man/vzutta[;;;;;;;;;;;;]"> but was:<....ua/store/man/vzutta[]">]]>
            </message>
            <full-stacktrace>
              <![CDATA[org.junit.ComparisonFailure: expected:<....ua/store/man/vzutta[;;;;;;;;;;;;]"> but was:<....ua/store/man/vzutta[]">
at java.base/jdk.internal.reflect.NativeConstructorAccessorImpl.newInstance0(Native Method)
at java.base/jdk.internal.reflect.NativeConstructorAccessorImpl.newInstance(NativeConstructorAccessorImpl.java:62)
at java.base/jdk.internal.reflect.DelegatingConstructorAccessorImpl.newInstance(DelegatingConstructorAccessorImpl.java:45)
at tests.InitialTest.manShoesTest(InitialTest.java:17)
at java.base/jdk.internal.reflect.NativeMethodAccessorImpl.invoke0(Native Method)
at java.base/jdk.internal.reflect.NativeMethodAccessorImpl.invoke(NativeMethodAccessorImpl.java:62)
at java.base/jdk.internal.reflect.DelegatingMethodAccessorImpl.invoke(DelegatingMethodAccessorImpl.java:43)
at java.base/java.lang.reflect.Method.invoke(Method.java:566)
at org.testng.internal.invokers.MethodInvocationHelper.invokeMethod(MethodInvocationHelper.java:139)
at org.testng.internal.invokers.TestInvoker.invokeMethod(TestInvoker.java:677)
at org.testng.internal.invokers.TestInvoker.retryFailed(TestInvoker.java:263)
at org.testng.internal.invokers.MethodRunner.runInSequence(MethodRunner.java:62)
at org.testng.internal.invokers.TestInvoker$MethodInvocationAgent.invoke(TestInvoker.java:962)
at org.testng.internal.invokers.TestInvoker.invokeTestMethods(TestInvoker.java:194)
at org.testng.internal.invokers.TestMethodWorker.invokeTestMethods(TestMethodWorker.java:148)
at org.testng.internal.invokers.TestMethodWorker.run(TestMethodWorker.java:128)
at java.base/java.util.ArrayList.forEach(ArrayList.java:1541)
at org.testng.TestRunner.privateRun(TestRunner.java:806)
at org.testng.TestRunner.run(TestRunner.java:601)
at org.testng.SuiteRunner.runTest(SuiteRunner.java:433)
at org.testng.SuiteRunner.runSequentially(SuiteRunner.java:427)
at org.testng.SuiteRunner.privateRun(SuiteRunner.java:387)
at org.testng.SuiteRunner.run(SuiteRunner.java:330)
at org.testng.SuiteRunnerWorker.runSuite(SuiteRunnerWorker.java:52)
at org.testng.SuiteRunnerWorker.run(SuiteRunnerWorker.java:95)
at org.testng.TestNG.runSuitesSequentially(TestNG.java:1256)
at org.testng.TestNG.runSuitesLocally(TestNG.java:1176)
at org.testng.TestNG.runSuites(TestNG.java:1099)
at org.testng.TestNG.run(TestNG.java:1067)
at org.apache.maven.surefire.testng.TestNGExecutor.run(TestNGExecutor.java:324)
at org.apache.maven.surefire.testng.TestNGXmlTestSuite.execute(TestNGXmlTestSuite.java:74)
at org.apache.maven.surefire.testng.TestNGProvider.invoke(TestNGProvider.java:123)
at org.apache.maven.surefire.booter.ForkedBooter.runSuitesInProcess(ForkedBooter.java:456)
at org.apache.maven.surefire.booter.ForkedBooter.execute(ForkedBooter.java:169)
at org.apache.maven.surefire.booter.ForkedBooter.run(ForkedBooter.java:595)
at org.apache.maven.surefire.booter.ForkedBooter.main(ForkedBooter.java:581)
]]>
            </full-stacktrace>
          </exception> <!-- org.junit.ComparisonFailure -->
          <reporter-output>
          </reporter-output>
        </test-method> <!-- manShoesTest -->
        <test-method is-config="true" signature="closeBrowser()[pri:0, instance:tests.InitialTest@317e9c3c]" started-at="2023-01-29T14:47:03 EET" name="closeBrowser" finished-at="2023-01-29T14:47:03 EET" duration-ms="118" status="PASS">
          <reporter-output>
          </reporter-output>
        </test-method> <!-- closeBrowser -->
        <test-method is-config="true" signature="openBrowser()[pri:0, instance:tests.InitialTest@317e9c3c]" started-at="2023-01-29T14:47:03 EET" name="openBrowser" finished-at="2023-01-29T14:47:04 EET" duration-ms="848" status="PASS">
          <reporter-output>
          </reporter-output>
        </test-method> <!-- openBrowser -->
        <test-method signature="manShoesTest()[pri:0, instance:tests.InitialTest@317e9c3c]" started-at="2023-01-29T14:47:04 EET" name="manShoesTest" finished-at="2023-01-29T14:47:05 EET" duration-ms="1346" status="FAIL">
          <exception class="org.junit.ComparisonFailure">
            <message>
              <![CDATA[expected:<....ua/store/man/vzutta[;;;;;;;;;;;;]"> but was:<....ua/store/man/vzutta[]">]]>
            </message>
            <full-stacktrace>
              <![CDATA[org.junit.ComparisonFailure: expected:<....ua/store/man/vzutta[;;;;;;;;;;;;]"> but was:<....ua/store/man/vzutta[]">
at java.base/jdk.internal.reflect.NativeConstructorAccessorImpl.newInstance0(Native Method)
at java.base/jdk.internal.reflect.NativeConstructorAccessorImpl.newInstance(NativeConstructorAccessorImpl.java:62)
at java.base/jdk.internal.reflect.DelegatingConstructorAccessorImpl.newInstance(DelegatingConstructorAccessorImpl.java:45)
at tests.InitialTest.manShoesTest(InitialTest.java:17)
at java.base/jdk.internal.reflect.NativeMethodAccessorImpl.invoke0(Native Method)
at java.base/jdk.internal.reflect.NativeMethodAccessorImpl.invoke(NativeMethodAccessorImpl.java:62)
at java.base/jdk.internal.reflect.DelegatingMethodAccessorImpl.invoke(DelegatingMethodAccessorImpl.java:43)
at java.base/java.lang.reflect.Method.invoke(Method.java:566)
at org.testng.internal.invokers.MethodInvocationHelper.invokeMethod(MethodInvocationHelper.java:139)
at org.testng.internal.invokers.TestInvoker.invokeMethod(TestInvoker.java:677)
at org.testng.internal.invokers.TestInvoker.retryFailed(TestInvoker.java:263)
at org.testng.internal.invokers.MethodRunner.runInSequence(MethodRunner.java:62)
at org.testng.internal.invokers.TestInvoker$MethodInvocationAgent.invoke(TestInvoker.java:962)
at org.testng.internal.invokers.TestInvoker.invokeTestMethods(TestInvoker.java:194)
at org.testng.internal.invokers.TestMethodWorker.invokeTestMethods(TestMethodWorker.java:148)
at org.testng.internal.invokers.TestMethodWorker.run(TestMethodWorker.java:128)
at java.base/java.util.ArrayList.forEach(ArrayList.java:1541)
at org.testng.TestRunner.privateRun(TestRunner.java:806)
at org.testng.TestRunner.run(TestRunner.java:601)
at org.testng.SuiteRunner.runTest(SuiteRunner.java:433)
at org.testng.SuiteRunner.runSequentially(SuiteRunner.java:427)
at org.testng.SuiteRunner.privateRun(SuiteRunner.java:387)
at org.testng.SuiteRunner.run(SuiteRunner.java:330)
at org.testng.SuiteRunnerWorker.runSuite(SuiteRunnerWorker.java:52)
at org.testng.SuiteRunnerWorker.run(SuiteRunnerWorker.java:95)
at org.testng.TestNG.runSuitesSequentially(TestNG.java:1256)
at org.testng.TestNG.runSuitesLocally(TestNG.java:1176)
at org.testng.TestNG.runSuites(TestNG.java:1099)
at org.testng.TestNG.run(TestNG.java:1067)
at org.apache.maven.surefire.testng.TestNGExecutor.run(TestNGExecutor.java:324)
at org.apache.maven.surefire.testng.TestNGXmlTestSuite.execute(TestNGXmlTestSuite.java:74)
at org.apache.maven.surefire.testng.TestNGProvider.invoke(TestNGProvider.java:123)
at org.apache.maven.surefire.booter.ForkedBooter.runSuitesInProcess(ForkedBooter.java:456)
at org.apache.maven.surefire.booter.ForkedBooter.execute(ForkedBooter.java:169)
at org.apache.maven.surefire.booter.ForkedBooter.run(ForkedBooter.java:595)
at org.apache.maven.surefire.booter.ForkedBooter.main(ForkedBooter.java:581)
]]>
            </full-stacktrace>
          </exception> <!-- org.junit.ComparisonFailure -->
          <reporter-output>
          </reporter-output>
        </test-method> <!-- manShoesTest -->
        <test-method is-config="true" signature="closeBrowser()[pri:0, instance:tests.InitialTest@317e9c3c]" started-at="2023-01-29T14:47:05 EET" name="closeBrowser" finished-at="2023-01-29T14:47:05 EET" duration-ms="116" status="PASS">
          <reporter-output>
          </reporter-output>
        </test-method> <!-- closeBrowser -->
      </class> <!-- tests.InitialTest -->
    </test> <!-- Smoke customers tests -->
  </suite> <!-- UI smoke tests -->
</testng-results>
